log started: Thu Nov 17 19:31:10 2022

Log file: ./leap.log
>> #
>> # ----- leaprc for loading the ff19SB force field
>> # ----- NOTE: this is designed for PDB format 3!
>> #
>> #	load atom type hybridizations
>> #
>> addAtomTypes {
>> 	{ "H"   "H" "sp3" }
>> 	{ "HO"  "H" "sp3" }
>> 	{ "HS"  "H" "sp3" }
>> 	{ "H1"  "H" "sp3" }
>> 	{ "H2"  "H" "sp3" }
>> 	{ "H3"  "H" "sp3" }
>> 	{ "H4"  "H" "sp3" }
>> 	{ "H5"  "H" "sp3" }
>> 	{ "HW"  "H" "sp3" }
>> 	{ "HC"  "H" "sp3" }
>> 	{ "HA"  "H" "sp3" }
>> 	{ "HP"  "H" "sp3" }
>> 	{ "HZ"  "H" "sp3" }
>> 	{ "OH"  "O" "sp3" }
>> 	{ "OS"  "O" "sp3" }
>> 	{ "O"   "O" "sp2" }
>> 	{ "O2"  "O" "sp2" }
>> 	{ "OP"  "O" "sp2" }
>> 	{ "OW"  "O" "sp3" }
>> 	{ "CT"  "C" "sp3" }
>> 	{ "CX"  "C" "sp3" }
>> 	{ "XC"  "C" "sp3" }
>> 	{ "C8"  "C" "sp3" }
>> 	{ "2C"  "C" "sp3" }
>> 	{ "3C"  "C" "sp3" }
>> 	{ "CH"  "C" "sp3" }
>> 	{ "CS"  "C" "sp2" }
>> 	{ "C"   "C" "sp2" }
>> 	{ "CO"   "C" "sp2" }
>> 	{ "C*"  "C" "sp2" }
>> 	{ "CA"  "C" "sp2" }
>> 	{ "CB"  "C" "sp2" }
>> 	{ "CC"  "C" "sp2" }
>> 	{ "CN"  "C" "sp2" }
>> 	{ "CM"  "C" "sp2" }
>> 	{ "CK"  "C" "sp2" }
>> 	{ "CQ"  "C" "sp2" }
>> 	{ "CD"  "C" "sp2" }
>> 	{ "C5"  "C" "sp2" }
>> 	{ "C4"  "C" "sp2" }
>> 	{ "CP"  "C" "sp2" }
>> 	{ "CI"  "C" "sp3" }
>> 	{ "CJ"  "C" "sp2" }
>> 	{ "CW"  "C" "sp2" }
>> 	{ "CV"  "C" "sp2" }
>> 	{ "CR"  "C" "sp2" }
>> 	{ "CA"  "C" "sp2" }
>> 	{ "CY"  "C" "sp2" }
>> 	{ "C0"  "Ca" "sp3" }
>> 	{ "MG"  "Mg" "sp3" }
>> 	{ "N"   "N" "sp2" }
>> 	{ "NA"  "N" "sp2" }
>> 	{ "N2"  "N" "sp2" }
>> 	{ "N*"  "N" "sp2" }
>> 	{ "NP"  "N" "sp2" }
>> 	{ "NQ"  "N" "sp2" }
>> 	{ "NB"  "N" "sp2" }
>> 	{ "NC"  "N" "sp2" }
>> 	{ "NT"  "N" "sp3" }
>> 	{ "NY"  "N" "sp2" }
>> 	{ "N3"  "N" "sp3" }
>> 	{ "S"   "S" "sp3" }
>> 	{ "SH"  "S" "sp3" }
>> 	{ "P"   "P" "sp3" }
>> 	{ "LP"  ""  "sp3" }
>> 	{ "EP"  ""  "sp3" }
>> 	{ "F"   "F" "sp3" }
>> 	{ "Cl"  "Cl" "sp3" }
>> 	{ "Br"  "Br" "sp3" }
>> 	{ "I"   "I"  "sp3" }
>> }
>> #
>> #	Load the main parameter set.
>> #
>> set default cmap on
>> parm19 = loadamberparams parm19.dat
Loading parameters: /Users/toneyusuke/Applications/amber22/dat/leap/parm/parm19.dat
Reading title:
PARM99 + frcmod.ff99SB + frcmod.parmbsc0 + OL3 for RNA + ff19SB
(UNKNOWN ATOM TYPE: Zn)
(UNKNOWN ATOM TYPE: EP)
>> frcmod19SB = loadamberparams frcmod.ff19SB
Loading parameters: /Users/toneyusuke/Applications/amber22/dat/leap/parm/frcmod.ff19SB
Reading force field modification type file (frcmod)
Reading title:
ff19SB AA-specific backbone CMAPs for protein 07/25/2019
>> #
>> #	Load main chain and terminating amino acid libraries
>> #
>> loadOff amino19.lib
Loading library: /Users/toneyusuke/Applications/amber22/dat/leap/lib/amino19.lib
Loading: ALA
Loading: ARG
Loading: ASH
Loading: ASN
Loading: ASP
Loading: CYM
Loading: CYS
Loading: CYX
Loading: GLH
Loading: GLN
Loading: GLU
Loading: GLY
Loading: HID
Loading: HIE
Loading: HIP
Loading: HYP
Loading: ILE
Loading: LEU
Loading: LYN
Loading: LYS
Loading: MET
Loading: PHE
Loading: PRO
Loading: SER
Loading: THR
Loading: TRP
Loading: TYR
Loading: VAL
>> loadOff aminoct12.lib
Loading library: /Users/toneyusuke/Applications/amber22/dat/leap/lib/aminoct12.lib
Loading: CALA
Loading: CARG
Loading: CASN
Loading: CASP
Loading: CCYS
Loading: CCYX
Loading: CGLN
Loading: CGLU
Loading: CGLY
Loading: CHID
Loading: CHIE
Loading: CHIP
Loading: CHYP
Loading: CILE
Loading: CLEU
Loading: CLYS
Loading: CMET
Loading: CPHE
Loading: CPRO
Loading: CSER
Loading: CTHR
Loading: CTRP
Loading: CTYR
Loading: CVAL
Loading: NHE
Loading: NME
>> loadOff aminont12.lib
Loading library: /Users/toneyusuke/Applications/amber22/dat/leap/lib/aminont12.lib
Loading: ACE
Loading: NALA
Loading: NARG
Loading: NASN
Loading: NASP
Loading: NCYS
Loading: NCYX
Loading: NGLN
Loading: NGLU
Loading: NGLY
Loading: NHID
Loading: NHIE
Loading: NHIP
Loading: NILE
Loading: NLEU
Loading: NLYS
Loading: NMET
Loading: NPHE
Loading: NPRO
Loading: NSER
Loading: NTHR
Loading: NTRP
Loading: NTYR
Loading: NVAL
>> 
>> #
>> #	Define the PDB name map for the amino acids
>> #
>> addPdbResMap {
>>   { 0 "HYP" "NHYP" } { 1 "HYP" "CHYP" }
>>   { 0 "ALA" "NALA" } { 1 "ALA" "CALA" }
>>   { 0 "ARG" "NARG" } { 1 "ARG" "CARG" }
>>   { 0 "ASN" "NASN" } { 1 "ASN" "CASN" }
>>   { 0 "ASP" "NASP" } { 1 "ASP" "CASP" }
>>   { 0 "CYS" "NCYS" } { 1 "CYS" "CCYS" }
>>   { 0 "CYX" "NCYX" } { 1 "CYX" "CCYX" }
>>   { 0 "GLN" "NGLN" } { 1 "GLN" "CGLN" }
>>   { 0 "GLU" "NGLU" } { 1 "GLU" "CGLU" }
>>   { 0 "GLY" "NGLY" } { 1 "GLY" "CGLY" }
>>   { 0 "HID" "NHID" } { 1 "HID" "CHID" }
>>   { 0 "HIE" "NHIE" } { 1 "HIE" "CHIE" }
>>   { 0 "HIP" "NHIP" } { 1 "HIP" "CHIP" }
>>   { 0 "ILE" "NILE" } { 1 "ILE" "CILE" }
>>   { 0 "LEU" "NLEU" } { 1 "LEU" "CLEU" }
>>   { 0 "LYS" "NLYS" } { 1 "LYS" "CLYS" }
>>   { 0 "MET" "NMET" } { 1 "MET" "CMET" }
>>   { 0 "PHE" "NPHE" } { 1 "PHE" "CPHE" }
>>   { 0 "PRO" "NPRO" } { 1 "PRO" "CPRO" }
>>   { 0 "SER" "NSER" } { 1 "SER" "CSER" }
>>   { 0 "THR" "NTHR" } { 1 "THR" "CTHR" }
>>   { 0 "TRP" "NTRP" } { 1 "TRP" "CTRP" }
>>   { 0 "TYR" "NTYR" } { 1 "TYR" "CTYR" }
>>   { 0 "VAL" "NVAL" } { 1 "VAL" "CVAL" }
>>   { 0 "HIS" "NHIS" } { 1 "HIS" "CHIS" }
>> }
>> 
>> #
>> # assume that most often proteins use HIE
>> #
>> NHIS = NHIE
>> HIS = HIE
>> CHIS = CHIE
> 
> source leaprc.water.opc
----- Source: /Users/toneyusuke/Applications/amber22/dat/leap/cmd/leaprc.water.opc
----- Source of /Users/toneyusuke/Applications/amber22/dat/leap/cmd/leaprc.water.opc done
>> #
>> #  Load OPC water model and ions for OPC + Li/Merz ion parameters
>> #  (-1 to +4, 12-6 normal usage set)
>> # 
>> addAtomTypes {
>> 	{ "F-"   "F" "sp3" }
>> 	{ "Cl-"  "Cl" "sp3" }
>> 	{ "Br-"  "Br" "sp3" }
>> 	{ "I-"   "I"  "sp3" }
>> 	{ "Li+"  "Li"  "sp3" }
>> 	{ "Na+"  "Na"  "sp3" }
>> 	{ "K+"  "K"  "sp3" }
>> 	{ "Rb+"  "Rb"  "sp3" }
>> 	{ "Cs+"  "Cs"  "sp3" }
>> 	{ "Mg+"  "Mg"  "sp3" }
>>     { "Tl+"  "Tl"  "sp3" }
>>     { "Cu+"  "Cu"  "sp3" }
>>     { "Ag+"  "Ag"  "sp3" }
>>     { "Be2+" "Be"  "sp3" }
>>     { "Cu2+" "Cu"  "sp3" }
>>     { "Ni2+" "Ni"  "sp3" }
>>     { "Pt2+" "Pt"  "sp3" }
>>     { "Zn2+" "Zn"  "sp3" }
>>     { "Co2+" "Co"  "sp3" }
>>     { "Pd2+" "Pd"  "sp3" }
>>     { "Ag2+" "Ag"  "sp3" }
>>     { "Cr2+" "Cr"  "sp3" }
>>     { "Fe2+" "Fe"  "sp3" }
>>     { "Mg2+" "Mg"  "sp3" }
>>     { "V2+"  "V"   "sp3" }
>>     { "Mn2+" "Mn"  "sp3" }
>>     { "Hg2+" "Hg"  "sp3" }
>>     { "Cd2+" "Cd"  "sp3" }
>>     { "Yb2+" "Yb"  "sp3" }
>>     { "Ca2+" "Ca"  "sp3" }
>>     { "Sn2+" "Sn"  "sp3" }
>>     { "Pb2+" "Pb"  "sp3" }
>>     { "Eu2+" "Eu"  "sp3" }
>>     { "Sr2+" "Sr"  "sp3" }
>>     { "Sm2+" "Sm"  "sp3" }
>>     { "Ba2+" "Ba"  "sp3" }
>>     { "Ra2+" "Ra"  "sp3" }
>>     { "Al3+" "Al"  "sp3" }
>>     { "Fe3+" "Fe"  "sp3" }
>>     { "Cr3+" "Cr"  "sp3" }
>>     { "In3+" "In"  "sp3" }
>>     { "Tl3+" "Tl"  "sp3" }
>>     { "Y3+"  "Y"   "sp3" }
>>     { "La3+" "La"  "sp3" }
>>     { "Ce3+" "Ce"  "sp3" }
>>     { "Pr3+" "Pr"  "sp3" }
>>     { "Nd3+" "Nd"  "sp3" }
>>     { "Sm3+" "Sm"  "sp3" }
>>     { "Eu3+" "Eu"  "sp3" }
>>     { "Gd3+" "Gd"  "sp3" }
>>     { "Tb3+" "Tb"  "sp3" }
>>     { "Dy3+" "Dy"  "sp3" }
>>     { "Er3+" "Er"  "sp3" }
>>     { "Tm3+" "Tm"  "sp3" }
>>     { "Lu3+" "Lu"  "sp3" }
>>     { "Hf4+" "Hf"  "sp3" }
>>     { "Zr4+" "Zr"  "sp3" }
>>     { "Ce4+" "Ce"  "sp3" }
>>     { "U4+"  "U"   "sp3" }
>>     { "Pu4+" "Pu"  "sp3" }
>>     { "Th4+" "Th"  "sp3" }
>>     { "OW"   "O"   "sp3" }
>>     { "HW"   "H"   "sp3" }
>>     { "EP"   ""    "sp3" }
>> }
>> loadOff atomic_ions.lib
Loading library: /Users/toneyusuke/Applications/amber22/dat/leap/lib/atomic_ions.lib
Loading: AG
Loading: AL
Loading: Ag
Loading: BA
Loading: BR
Loading: Be
Loading: CA
Loading: CD
Loading: CE
Loading: CL
Loading: CO
Loading: CR
Loading: CS
Loading: CU
Loading: CU1
Loading: Ce
Loading: Cl-
Loading: Cr
Loading: Dy
Loading: EU
Loading: EU3
Loading: Er
Loading: F
Loading: FE
Loading: FE2
Loading: GD3
Loading: H3O+
Loading: HE+
Loading: HG
Loading: HZ+
Loading: Hf
Loading: IN
Loading: IOD
Loading: K
Loading: K+
Loading: LA
Loading: LI
Loading: LU
Loading: MG
Loading: MN
Loading: NA
Loading: NH4
Loading: NI
Loading: Na+
Loading: Nd
Loading: PB
Loading: PD
Loading: PR
Loading: PT
Loading: Pu
Loading: RB
Loading: Ra
Loading: SM
Loading: SR
Loading: Sm
Loading: Sn
Loading: TB
Loading: TL
Loading: Th
Loading: Tl
Loading: Tm
Loading: U4+
Loading: V2+
Loading: Y
Loading: YB2
Loading: ZN
Loading: Zr
>> loadOff solvents.lib
Loading library: /Users/toneyusuke/Applications/amber22/dat/leap/lib/solvents.lib
Loading: CHCL3BOX
Loading: DC4
Loading: FB3
Loading: FB3BOX
Loading: FB4
Loading: FB4BOX
Loading: MEOHBOX
Loading: NMABOX
Loading: O3P
Loading: OP3
Loading: OPC
Loading: OPC3BOX
Loading: OPCBOX
Loading: PL3
Loading: POL3BOX
Loading: QSPCFWBOX
Loading: SPC
Loading: SPCBOX
Loading: SPCFWBOX
Loading: SPF
Loading: SPG
Loading: T4E
Loading: TIP3PBOX
Loading: TIP3PFBOX
Loading: TIP4PBOX
Loading: TIP4PEWBOX
Loading: TIP5PBOX
Loading: TP3
Loading: TP4
Loading: TP5
Loading: TPF
>> HOH = OPC
>> WAT = OPC
>> loadAmberParams frcmod.opc
Loading parameters: /Users/toneyusuke/Applications/amber22/dat/leap/parm/frcmod.opc
Reading force field modification type file (frcmod)
Reading title:
Parameters for OPC water (JPCL, 2014, 5 (21), pp 3863-3871)
(UNKNOWN ATOM TYPE: EP)
>> loadAmberParams frcmod.ionslm_126_opc
Loading parameters: /Users/toneyusuke/Applications/amber22/dat/leap/parm/frcmod.ionslm_126_opc
Reading force field modification type file (frcmod)
Reading title:
Li/Merz ion parameters of atomic ions for the OPC water model (12-6 set)
>> 
> 
> source leaprc.gaff2
----- Source: /Users/toneyusuke/Applications/amber22/dat/leap/cmd/leaprc.gaff2
----- Source of /Users/toneyusuke/Applications/amber22/dat/leap/cmd/leaprc.gaff2 done
>> logFile leap.log
log started: Thu Nov 17 19:31:11 2022

Log file: ./leap.log
>> #
>> # ----- leaprc for loading the general Amber Force field.
>> #       This file is mostly for use with Antechamber
>> #
>> #	load atom type hybridizations
>> #
>> addAtomTypes {
>> 	{ "h1"  "H" "sp3" }
>> 	{ "h2"  "H" "sp3" }
>> 	{ "h3"  "H" "sp3" }
>> 	{ "h4"  "H" "sp3" }
>> 	{ "h5"  "H" "sp3" }
>> 	{ "ha"  "H" "sp3" }
>> 	{ "hc"  "H" "sp3" }
>> 	{ "hn"  "H" "sp3" }
>> 	{ "ho"  "H" "sp3" }
>> 	{ "hp"  "H" "sp3" }
>> 	{ "hs"  "H" "sp3" }
>> 	{ "hw"  "H" "sp3" }
>> 	{ "hx"  "H" "sp3" }
>> 	{ "o"  "O" "sp2" }
>> 	{ "o2"  "O" "sp2" }
>> 	{ "oh"  "O" "sp3" }
>> 	{ "op"  "O" "sp3" }
>> 	{ "oq"  "O" "sp3" }
>> 	{ "os"  "O" "sp3" }
>> 	{ "ow"  "O" "sp3" }
>> 	{ "c"  "C" "sp2" }
>> 	{ "c1"  "C" "sp2" }
>> 	{ "c2"  "C" "sp2" }
>> 	{ "c3"  "C" "sp3" }
>> 	{ "ca"  "C" "sp2" }
>> 	{ "cc"  "C" "sp2" }
>> 	{ "cd"  "C" "sp2" }
>> 	{ "ce"  "C" "sp2" }
>> 	{ "cf"  "C" "sp2" }
>> 	{ "cg"  "C" "sp2" }
>> 	{ "ch"  "C" "sp2" }
>> 	{ "cp"  "C" "sp2" }
>> 	{ "cs"  "C" "sp2" }
>> 	{ "cq"  "C" "sp2" }
>> 	{ "cu"  "C" "sp2" }
>> 	{ "cv"  "C" "sp2" }
>> 	{ "cx"  "C" "sp2" }
>> 	{ "cy"  "C" "sp2" }
>> 	{ "cz"  "C" "sp2" }
>> 	{ "n"   "N" "sp2" }
>> 	{ "n1"  "N" "sp2" }
>> 	{ "n2"  "N" "sp2" }
>> 	{ "n3"  "N" "sp3" }
>> 	{ "n4"  "N" "sp3" }
>> 	{ "n5"  "N" "sp3" }
>> 	{ "n6"  "N" "sp3" }
>> 	{ "n7"  "N" "sp3" }
>> 	{ "n8"  "N" "sp3" }
>> 	{ "n9"  "N" "sp3" }
>> 	{ "na"  "N" "sp2" }
>> 	{ "nb"  "N" "sp2" }
>> 	{ "nc"  "N" "sp2" }
>> 	{ "nd"  "N" "sp2" }
>> 	{ "ne"  "N" "sp2" }
>> 	{ "nf"  "N" "sp2" }
>> 	{ "nh"  "N" "sp2" }
>> 	{ "ni"  "N" "sp2" }
>> 	{ "nj"  "N" "sp2" }
>> 	{ "nk"  "N" "sp3" }
>> 	{ "nl"  "N" "sp3" }
>> 	{ "nm"  "N" "sp2" }
>> 	{ "nn"  "N" "sp2" }
>> 	{ "no"  "N" "sp2" }
>> 	{ "np"  "N" "sp3" }
>> 	{ "nq"  "N" "sp3" }
>> 	{ "ns"  "N" "sp2" }
>> 	{ "nt"  "N" "sp2" }
>> 	{ "nu"  "N" "sp2" }
>> 	{ "nv"  "N" "sp2" }
>> 	{ "nx"  "N" "sp3" }
>> 	{ "ny"  "N" "sp3" }
>> 	{ "nz"  "N" "sp3" }
>> 	{ "n+"  "N" "sp3" }
>> 	{ "s"   "S" "sp2" }
>> 	{ "s2"   "S" "sp2" }
>> 	{ "s3"   "S" "sp3" }
>> 	{ "s4"   "S" "sp3" }
>> 	{ "s6"   "S" "sp3" }
>> 	{ "sh"   "S" "sp3" }
>> 	{ "sp"   "S" "sp3" }
>> 	{ "sq"   "S" "sp3" }
>> 	{ "ss"   "S" "sp3" }
>> 	{ "sx"   "S" "sp3" }
>> 	{ "sy"   "S" "sp3" }
>> 	{ "p2"   "P" "sp2" }
>> 	{ "p3"   "P" "sp3" }
>> 	{ "p4"   "P" "sp3" }
>> 	{ "p5"   "P" "sp3" }
>> 	{ "pb"   "P" "sp3" }
>> 	{ "pc"   "P" "sp3" }
>> 	{ "pd"   "P" "sp3" }
>> 	{ "pe"   "P" "sp3" }
>> 	{ "pf"   "P" "sp3" }
>> 	{ "px"   "P" "sp3" }
>> 	{ "py"   "P" "sp3" }
>> 	{ "f"   "F" "sp3" }
>> 	{ "cl"  "Cl" "sp3" }
>> 	{ "br"  "Br" "sp3" }
>> 	{ "i"   "I"  "sp3" }
>> }
>> #
>> #	Load the general force field parameter set.
>> #
>> gaff = loadamberparams gaff2.dat
Loading parameters: /Users/toneyusuke/Applications/amber22/dat/leap/parm/gaff2.dat
Reading title:
AMBER General Force Field for organic molecules (Version 2.11, May 2016)
> 
> 
> #ff19SBはOPC水モデルと組み合わせる。TIP3P水モデルとは組み合わせてはならない
> loadAmberParams frcmod.opc
Loading parameters: /Users/toneyusuke/Applications/amber22/dat/leap/parm/frcmod.opc
Reading force field modification type file (frcmod)
Reading title:
Parameters for OPC water (JPCL, 2014, 5 (21), pp 3863-3871)
(UNKNOWN ATOM TYPE: EP)
> FPP = loadMol2 fpp.mol2
Loading Mol2 file: ./fpp.mol2
Reading MOLECULE named FPP
> 
> 
> #pdbを"mol"として読み込む
> mol = loadPDB pre2.pdb
Loading PDB file: ./pre2.pdb
Matching PDB residue names to LEaP variables.
Mapped residue GLU, term: Terminal/beginning, seq. number: 0 to: NGLU.
Mapped residue GLY, term: Terminal/last, seq. number: 306 to: CGLY.
Starting new chain with FPP
  total atoms in file: 2472
  Leap added 2389 missing atoms according to residue templates:
       2389 H / lone pairs
> 
> center mol
The center is at: 0.18, -0.09, 0.17
> 
> #boxsize引数で指定された周期境界のボックスを形成する。
> set mol box { 80 80 80 }
> 
> #イオンの追加・末尾の0は中和する数だけイオンを入れるという設定。
> addIons2 mol Na+ 46
Adding 46 counter ions to "mol" using 1A grid
Total solute charge:  -1.00  Max atom radius:   2.07
Grid extends from solute vdw + 1.47  to  7.54
Box:
   enclosing:  -34.76 -32.59 -33.04   33.96 35.05 37.53
   sized:			      93.24 95.41 94.96
   edge:        128.00
Resolution:      1.00 Angstrom.
Tree depth: 7
Volume =  2.94% of box, grid points 61709
Calculating grid charges
Placed Na+ in mol at (-15.76, 16.41, 2.96).
Placed Na+ in mol at (16.24, -16.59, -21.04).
Placed Na+ in mol at (12.24, 5.41, -15.04).
Placed Na+ in mol at (-11.76, 12.41, 6.96).
Placed Na+ in mol at (-4.76, -8.59, -26.04).
Placed Na+ in mol at (-22.76, 0.41, -15.04).
Placed Na+ in mol at (14.24, -14.59, 15.96).
Placed Na+ in mol at (0.24, 17.41, 20.96).
Placed Na+ in mol at (25.24, -0.59, 11.96).
Placed Na+ in mol at (7.24, 26.41, -2.04).
Placed Na+ in mol at (-16.76, -6.59, -7.04).
Placed Na+ in mol at (21.24, -2.59, -15.04).
Placed Na+ in mol at (-4.76, 6.41, 23.96).
Placed Na+ in mol at (6.24, -9.59, -21.04).
Placed Na+ in mol at (12.24, 10.41, -15.04).
Placed Na+ in mol at (-3.76, -15.59, 27.96).
Placed Na+ in mol at (-26.76, -5.59, 4.96).
Placed Na+ in mol at (-10.76, 4.41, -19.04).
Placed Na+ in mol at (17.24, -24.59, -11.04).
Placed Na+ in mol at (2.24, 16.41, 15.96).
Placed Na+ in mol at (-21.76, -6.59, 18.96).
Placed Na+ in mol at (-12.76, 20.41, -10.04).
Placed Na+ in mol at (17.24, -11.59, -23.04).
Placed Na+ in mol at (-5.76, -5.59, 27.96).
Placed Na+ in mol at (-20.76, 9.41, 8.96).
Placed Na+ in mol at (13.24, -17.59, 10.96).
Placed Na+ in mol at (14.24, 18.41, -10.04).
Placed Na+ in mol at (-0.76, -5.59, -28.04).
Placed Na+ in mol at (-10.76, -15.59, 22.96).
Placed Na+ in mol at (-21.76, -0.59, -10.04).
Placed Na+ in mol at (-20.76, 7.41, -24.04).
Placed Na+ in mol at (9.24, -9.59, 25.96).
Placed Na+ in mol at (-13.76, 7.41, 21.96).
Placed Na+ in mol at (1.24, 16.41, -12.04).
Placed Na+ in mol at (-12.76, 27.41, -2.04).
Placed Na+ in mol at (24.24, -21.59, -17.04).
Placed Na+ in mol at (23.24, 0.41, 16.96).
Placed Na+ in mol at (-1.76, 21.41, 14.96).
Placed Na+ in mol at (1.24, -16.59, -18.04).
Placed Na+ in mol at (10.24, 25.41, -9.04).
Placed Na+ in mol at (-23.76, -0.59, 13.96).
Placed Na+ in mol at (23.24, -10.59, -7.04).
Placed Na+ in mol at (1.24, 3.41, 24.96).
Placed Na+ in mol at (27.24, -30.59, -3.04).
Placed Na+ in mol at (-11.76, -10.59, -6.04).
Placed Na+ in mol at (7.24, -18.59, 14.96).

Done adding ions.
> addIons2 mol Cl- 0
45 Cl- ions required to neutralize.
Adding 45 counter ions to "mol" using 1A grid
Total solute charge:  45.00  Max atom radius:   2.07
Grid extends from solute vdw + 2.36  to  8.43
Box:
   enclosing:  -35.66 -39.02 -36.47   35.67 35.94 38.42
   sized:			      92.34 88.98 91.53
   edge:        128.00
Resolution:      1.00 Angstrom.
Tree depth: 7
Volume =  3.38% of box, grid points 70864
Calculating grid charges
Placed Cl- in mol at (1.34, 19.98, 17.53).
Placed Cl- in mol at (11.34, -19.02, 14.53).
Placed Cl- in mol at (-8.66, 7.98, 9.53).
Placed Cl- in mol at (13.34, 22.98, -9.47).
Placed Cl- in mol at (-17.66, -11.02, -1.47).
Placed Cl- in mol at (15.34, 7.98, -15.47).
Placed Cl- in mol at (0.34, -16.02, 14.53).
Placed Cl- in mol at (-5.66, 20.98, 13.53).
Placed Cl- in mol at (25.34, -18.02, -18.47).
Placed Cl- in mol at (14.34, -4.02, 13.53).
Placed Cl- in mol at (-25.66, -0.02, -12.47).
Placed Cl- in mol at (0.34, -15.02, -21.47).
Placed Cl- in mol at (-11.66, 7.98, -20.47).
Placed Cl- in mol at (-24.66, -9.02, 3.53).
Placed Cl- in mol at (3.34, -0.02, 25.53).
Placed Cl- in mol at (15.34, -15.02, -24.47).
Placed Cl- in mol at (-0.66, 15.98, -15.47).
Placed Cl- in mol at (-23.66, 2.98, 12.53).
Placed Cl- in mol at (19.34, 3.98, 10.53).
Placed Cl- in mol at (-8.66, -13.02, -5.47).
Placed Cl- in mol at (-8.66, 26.98, -2.47).
Placed Cl- in mol at (6.34, -20.02, 18.53).
Placed Cl- in mol at (24.34, -28.02, -3.47).
Placed Cl- in mol at (-7.66, 5.98, 26.53).
Placed Cl- in mol at (-2.66, -9.02, -29.47).
Placed Cl- in mol at (25.34, -11.02, -10.47).
Placed Cl- in mol at (-5.66, -7.02, 31.53).
Placed Cl- in mol at (11.34, 23.98, -15.47).
Placed Cl- in mol at (26.34, -2.02, 15.53).
Placed Cl- in mol at (8.34, -13.02, 27.53).
Placed Cl- in mol at (-20.66, -6.02, -7.47).
Placed Cl- in mol at (-8.66, 25.98, -12.47).
Placed Cl- in mol at (16.34, -18.02, 8.53).
Placed Cl- in mol at (0.34, 18.98, 12.53).
Placed Cl- in mol at (-24.66, -4.02, 18.53).
Placed Cl- in mol at (-10.66, -17.02, 26.53).
Placed Cl- in mol at (19.34, -0.02, -17.47).
Placed Cl- in mol at (8.34, 27.98, -5.47).
Placed Cl- in mol at (14.34, -25.02, -8.47).
Placed Cl- in mol at (-21.66, 3.98, -22.47).
Placed Cl- in mol at (-0.66, -18.02, 4.53).
Placed Cl- in mol at (14.34, 17.98, 3.53).
Placed Cl- in mol at (5.34, -8.02, -24.47).
Placed Cl- in mol at (-16.66, 9.98, 21.53).
Placed Cl- in mol at (-29.66, -3.02, 5.53).

Done adding ions.
> 
> #ボックスの周りに更に0.01Aのボックスを設置し、溶媒和させる。
> solvateBox mol TIP3PBOX 0.01
  Solute vdw bounding box:              80.000 80.000 80.000
  Total bounding box for atom centers:  80.020 80.020 80.020
  Solvent unit box:                     18.774 18.774 18.774
The number of boxes:  x= 5  y= 5  z= 5
  Total vdw box size:                   83.302 83.447 82.942 angstroms.
  Volume: 576557.938 A^3 
  Total mass 281679.111 amu,  Density 0.811 g/cc
  Added 13539 residues.
> #最後に、"mol"という溶媒和ボックスの系の電荷情報を表示する。0.00000になっていることが理想。
> charge mol
Total unperturbed charge:   0.000000
Total perturbed charge:     0.000000
> 
> #溶媒和された系のトポロジー・初期座標をleap.parm7, leap.rst7としてそれぞれ保存
> saveAmberParm mol leap.parm7 leap.rst7
Checking Unit.

/Users/toneyusuke/Applications/amber22/bin/teLeap: Warning!
There is a bond of 3.445 angstroms between C10 and C11 atoms:
-------  .R<FPP 311>.A<C10 33> and .R<FPP 311>.A<C11 36>

/Users/toneyusuke/Applications/amber22/bin/teLeap: Note.
Ignoring the warning from Unit Checking.

Building topology.
Building atom parameters.
Building bond parameters.
Building angle parameters.
Building proper torsion parameters.
Building improper torsion parameters.
 ** Warning: No sp2 improper torsion term for  c2-c3-c2-c3
        atoms are: C12 C14 C13 C15
 ** Warning: No sp2 improper torsion term for  c3-ha-c2-c2
        atoms are: C11 H12A C12 C13
 ** Warning: No sp2 improper torsion term for  c2-c3-c2-c3
        atoms are: C7 C9 C8 C10
 ** Warning: No sp2 improper torsion term for  c3-ha-c2-c2
        atoms are: C6 H7A C7 C8
 ** Warning: No sp2 improper torsion term for  c2-c3-c2-c3
        atoms are: C2 C4 C3 C5
 ** Warning: No sp2 improper torsion term for  c3-ha-c2-c2
        atoms are: C1 H2A C2 C3
 total 1049 improper torsions applied
Building H-Bond parameters.
Incorporating Non-Bonded adjustments.
Not Marking per-residue atom chain types.
Marking per-residue atom chain types.
  (Residues lacking connect0/connect1 - 
   these don't have chain types marked:

	res	total affected

	CGLY	1
	FPP	1
	NGLU	1
	WAT	13539
  )
 (no restraints)
> 
> #溶媒和された系のPDBファイルをleap.pdbとして保存
> savePDB mol leap.pdb
Writing pdb file: leap.pdb
   printing CRYST1 record to PDB file with box info

/Users/toneyusuke/Applications/amber22/bin/teLeap: Warning!
 Converting N-terminal residue name to PDB format: NGLU -> GLU

/Users/toneyusuke/Applications/amber22/bin/teLeap: Warning!
 Converting C-terminal residue name to PDB format: CGLY -> GLY
> quit
	Quit

Exiting LEaP: Errors = 0; Warnings = 3; Notes = 1.
